[debug] [2023-06-27T12:42:42.615Z] ----------------------------------------------------------------------
[debug] [2023-06-27T12:42:42.617Z] Command:       E:\Node\node.exe C:\Users\USER\AppData\Roaming\npm\node_modules\firebase-tools\lib\bin\firebase.js login
[debug] [2023-06-27T12:42:42.617Z] CLI Version:   12.4.0
[debug] [2023-06-27T12:42:42.617Z] Platform:      win32
[debug] [2023-06-27T12:42:42.617Z] Node Version:  v18.16.0
[debug] [2023-06-27T12:42:42.618Z] Time:          Tue Jun 27 2023 18:12:42 GMT+0530 (India Standard Time)
[debug] [2023-06-27T12:42:42.618Z] ----------------------------------------------------------------------
[debug] 
[debug] [2023-06-27T12:42:42.626Z] >>> [apiv2][query] GET https://firebase-public.firebaseio.com/cli.json [none]
[info] i  Firebase optionally collects CLI and Emulator Suite usage and error reporting information to help improve our products. Data is collected in accordance with Google's privacy policy (https://policies.google.com/privacy) and is not used to identify you.
 
[debug] [2023-06-27T12:42:43.277Z] <<< [apiv2][status] GET https://firebase-public.firebaseio.com/cli.json 200
[debug] [2023-06-27T12:42:43.278Z] <<< [apiv2][body] GET https://firebase-public.firebaseio.com/cli.json {"cloudBuildErrorAfter":1594252800000,"cloudBuildWarnAfter":1590019200000,"defaultNode10After":1594252800000,"minVersion":"3.0.5","node8DeploysDisabledAfter":1613390400000,"node8RuntimeDisabledAfter":1615809600000,"node8WarnAfter":1600128000000}
[info] 
[info] Visit this URL on this device to log in:
[info] https://accounts.google.com/o/oauth2/auth?client_id=563584335869-fgrhgmd47bqnekij5i8b5pr03ho849e6.apps.googleusercontent.com&scope=email%20openid%20https%3A%2F%2Fwww.googleapis.com%2Fauth%2Fcloudplatformprojects.readonly%20https%3A%2F%2Fwww.googleapis.com%2Fauth%2Ffirebase%20https%3A%2F%2Fwww.googleapis.com%2Fauth%2Fcloud-platform&response_type=code&state=317540514&redirect_uri=http%3A%2F%2Flocalhost%3A9005
[info] 
[info] Waiting for authentication...
[debug] [2023-06-27T12:43:21.245Z] >>> [apiv2][query] POST https://auth.firebase.tools/attest [none]
[debug] [2023-06-27T12:43:21.245Z] >>> [apiv2][body] POST https://auth.firebase.tools/attest {"session_id":"dd973bb5-c6c4-41aa-92c9-446ed0320d51"}
[debug] [2023-06-27T12:43:21.895Z] <<< [apiv2][status] POST https://auth.firebase.tools/attest 200
[debug] [2023-06-27T12:43:21.895Z] <<< [apiv2][body] POST https://auth.firebase.tools/attest {"token":"4AFrGz5yZpaTV3AeANtk_sGkQcR2diobp4YyWENCyBI"}
[info] 
[info] To sign in to the Firebase CLI:
[info] 
[info] 1. Take note of your session ID:
[info] 
[info]    DD973
[info] 
[info] 2. Visit the URL below on any device and follow the instructions to get your code:
[info] 
[info]    https://auth.firebase.tools/login?code_challenge=GOE76_ak4dkSTH5Ast6w_ABTWo5obX4gw-fj_Wfxtbo&session=dd973bb5-c6c4-41aa-92c9-446ed0320d51&attest=4AFrGz5yZpaTV3AeANtk_sGkQcR2diobp4YyWENCyBI
[info] 
[info] 3. Paste or enter the authorization code below once you have it:
[info] 
